0 info it worked if it ends with ok
1 verbose cli [ '/usr/local/Cellar/node/4.2.1/bin/node',
1 verbose cli   '/usr/local/bin/npm',
1 verbose cli   'unpublish',
1 verbose cli   '--force' ]
2 info using npm@2.14.7
3 info using node@v4.2.1
4 warn using --force I sure hope you know what you are doing.
5 silly unpublish args[0] undefined
6 silly unpublish thing {}
7 verbose unpublish { name: 'docker-task-discover',
7 verbose unpublish   version: '0.0.2',
7 verbose unpublish   description: 'Distributed discovery of docker service tasks',
7 verbose unpublish   main: 'bin/index.js',
7 verbose unpublish   repository:
7 verbose unpublish    { type: 'git',
7 verbose unpublish      url: 'git://github.com/redgeoff/docker-task-discover.git' },
7 verbose unpublish   keywords: [],
7 verbose unpublish   author: { name: 'Geoff Cox' },
7 verbose unpublish   license: 'MIT',
7 verbose unpublish   bugs: { url: 'https://github.com/redgeoff/docker-task-discover' },
7 verbose unpublish   scripts:
7 verbose unpublish    { 'assert-beautified': 'beautify-proj -i test -c beautify.json && beautify-proj -i scripts -c beautify.json',
7 verbose unpublish      beautify: 'beautify-proj -i test -o . -c beautify.json && beautify-proj -i scripts -o . -c beautify.json',
7 verbose unpublish      jshint: 'jshint -c .jshintrc test scripts',
7 verbose unpublish      'node-test': './node_modules/mocha/bin/_mocha test/index.js',
7 verbose unpublish      'node-test-with-coverage': 'istanbul test --dir coverage/node ./node_modules/mocha/bin/_mocha test/index.js',
7 verbose unpublish      'node-full-test': 'npm run jshint && npm run node-test-with-coverage --coverage && istanbul check-coverage --lines 100 --function 100 --statements 100 --branches 100',
7 verbose unpublish      test: 'npm run assert-beautified && npm run node-full-test' },
7 verbose unpublish   dependencies:
7 verbose unpublish    { bluebird: '^3.4.1',
7 verbose unpublish      'body-parser': '^1.15.2',
7 verbose unpublish      express: '^4.14.0',
7 verbose unpublish      hostile: '^1.3.0',
7 verbose unpublish      'hosts-lookup': '^1.2.0',
7 verbose unpublish      minimist: '^1.2.0',
7 verbose unpublish      request: '^2.74.0',
7 verbose unpublish      requestretry: '^1.12.0' },
7 verbose unpublish   devDependencies:
7 verbose unpublish    { 'beautify-proj': '0.0.4',
7 verbose unpublish      chai: '^3.5.0',
7 verbose unpublish      'chai-as-promised': '^6.0.0',
7 verbose unpublish      istanbul: '^0.4.4',
7 verbose unpublish      jshint: '^2.9.2',
7 verbose unpublish      mocha: '^3.0.2' },
7 verbose unpublish   readme: '# docker-task-discover\n\nDistributed discovery of docker service tasks\n\n\nDesign\n---\n\nRevised (clean up and use pieces from below):\n- Provide GET <hostname>:<port>/register which allows host to register hostname and IP\n- On start up, discover all tasks and for each task request <hostname>:<port>/register\n\n\nTODO: need to modify as nslookup doesn\'t return task ids and so will need to create service that can be queried for hostname. Can use os.hostname()\n- Uses /etc/hosts file in each container to maintain list so that there is no single point of failure\n- Provides API, at <host>:<port>, which uses nslookup (via node) to query `tasks.<service-name>` to get list of containers and populates/replaces `<service-name>.<task-id>` entries in /etc/hosts.\n- During startup, uses localhost:<port> to discover hosts and then calls <host>:<port> for each of the discovered hosts\n',
7 verbose unpublish   readmeFilename: 'README.md',
7 verbose unpublish   gitHead: '54c855de8a34dc223840046e70e3071ed987574d',
7 verbose unpublish   homepage: 'https://github.com/redgeoff/docker-task-discover#readme',
7 verbose unpublish   _id: 'docker-task-discover@0.0.2' }
8 verbose getPublishConfig undefined
9 silly ls normalized docker-task-discover/0.0.2
10 silly gentlyRm /Users/geoffreycox/.npm/docker-task-discover/0.0.2 is being purged
11 verbose gentlyRm don't care about contents; nuking /Users/geoffreycox/.npm/docker-task-discover/0.0.2
12 silly vacuum-fs purging /Users/geoffreycox/.npm/docker-task-discover/0.0.2
13 silly vacuum-fs removing /Users/geoffreycox/.npm/docker-task-discover
14 silly vacuum-fs quitting because other entries in /Users/geoffreycox/.npm
15 silly mapToRegistry name docker-task-discover
16 silly mapToRegistry using default registry
17 silly mapToRegistry registry https://registry.npmjs.org/
18 silly mapToRegistry uri https://registry.npmjs.org/docker-task-discover
19 verbose get GET as part of write; not caching result
20 verbose request uri https://registry.npmjs.org/docker-task-discover?write=true
21 verbose request no auth needed
22 info attempt registry request try #1 at 10:43:45 PM
23 verbose request using bearer token for auth
24 verbose request id e8b4fd86f988d25e
25 http request GET https://registry.npmjs.org/docker-task-discover?write=true
26 http 200 https://registry.npmjs.org/docker-task-discover?write=true
27 verbose headers { server: 'CouchDB/1.5.0 (Erlang OTP/R16B03)',
27 verbose headers   'content-type': 'application/json',
27 verbose headers   etag: '"591fd76b-e5f"',
27 verbose headers   'content-encoding': 'gzip',
27 verbose headers   'cache-control': 'max-age=0',
27 verbose headers   'transfer-encoding': 'chunked',
27 verbose headers   'accept-ranges': 'bytes',
27 verbose headers   date: 'Sat, 20 May 2017 05:43:45 GMT',
27 verbose headers   via: '1.1 varnish',
27 verbose headers   connection: 'keep-alive',
27 verbose headers   'x-served-by': 'cache-lax8649-LAX',
27 verbose headers   'x-cache': 'MISS',
27 verbose headers   'x-cache-hits': '0',
27 verbose headers   'x-timer': 'S1495259025.305333,VS0,VE177',
27 verbose headers   vary: 'Accept-Encoding' }
28 silly get cb [ 200,
28 silly get   { server: 'CouchDB/1.5.0 (Erlang OTP/R16B03)',
28 silly get     'content-type': 'application/json',
28 silly get     etag: '"591fd76b-e5f"',
28 silly get     'content-encoding': 'gzip',
28 silly get     'cache-control': 'max-age=0',
28 silly get     'transfer-encoding': 'chunked',
28 silly get     'accept-ranges': 'bytes',
28 silly get     date: 'Sat, 20 May 2017 05:43:45 GMT',
28 silly get     via: '1.1 varnish',
28 silly get     connection: 'keep-alive',
28 silly get     'x-served-by': 'cache-lax8649-LAX',
28 silly get     'x-cache': 'MISS',
28 silly get     'x-cache-hits': '0',
28 silly get     'x-timer': 'S1495259025.305333,VS0,VE177',
28 silly get     vary: 'Accept-Encoding' } ]
29 verbose get saving docker-task-discover to /Users/geoffreycox/.npm/registry.npmjs.org/docker-task-discover_3Fwrite_3Dtrue/.cache.json
30 verbose unpublish removing attachments { shasum: '84de249ec25f210213b200915dbe88e791c81dab',
30 verbose unpublish   tarball: 'https://registry.npmjs.org/docker-task-discover/-/docker-task-discover-0.0.2.tgz' }
31 info unpublish No versions remain, removing entire package
32 verbose request uri https://registry.npmjs.org/docker-task-discover/-rev/1-153fb6917c3ff1a70a21b5d8b654cac4
33 verbose request sending authorization for write operation
34 info attempt registry request try #1 at 10:43:45 PM
35 verbose request using bearer token for auth
36 http request DELETE https://registry.npmjs.org/docker-task-discover/-rev/1-153fb6917c3ff1a70a21b5d8b654cac4
37 http 503 https://registry.npmjs.org/docker-task-discover/-rev/1-153fb6917c3ff1a70a21b5d8b654cac4
38 verbose bad json <?xml version="1.0" encoding="utf-8"?>
38 verbose bad json <!DOCTYPE html PUBLIC "-//W3C//DTD XHTML 1.0 Strict//EN"
38 verbose bad json  "http://www.w3.org/TR/xhtml1/DTD/xhtml1-strict.dtd">
38 verbose bad json <html>
38 verbose bad json   <head>
38 verbose bad json     <title>503 first byte timeout</title>
38 verbose bad json   </head>
38 verbose bad json   <body>
38 verbose bad json     <h1>Error 503 first byte timeout</h1>
38 verbose bad json     <p>first byte timeout</p>
38 verbose bad json     <h3>Guru Mediation:</h3>
38 verbose bad json     <p>Details: cache-lax8641-LAX 1495259057 565899063</p>
38 verbose bad json     <hr>
38 verbose bad json     <p>Varnish cache server</p>
38 verbose bad json   </body>
38 verbose bad json </html>
39 error registry error parsing json
40 verbose headers { server: 'Varnish',
40 verbose headers   'retry-after': '0',
40 verbose headers   'content-type': 'text/html; charset=utf-8',
40 verbose headers   'content-length': '447',
40 verbose headers   'accept-ranges': 'bytes',
40 verbose headers   date: 'Sat, 20 May 2017 05:44:16 GMT',
40 verbose headers   via: '1.1 varnish',
40 verbose headers   connection: 'close',
40 verbose headers   'x-served-by': 'cache-lax8641-LAX',
40 verbose headers   'x-cache': 'MISS',
40 verbose headers   'x-cache-hits': '0',
40 verbose headers   'x-timer': 'S1495259026.560317,VS0,VE31154' }
41 info retry will retry, error on last attempt: SyntaxError: Unexpected token <
41 info retry
41 info retry <?xml version="1.0" encoding="utf-8"?>
41 info retry <!DOCTYPE html PUBLIC "-//W3C//DTD XHTML 1.0 Strict//EN"
41 info retry  "http://www.w3.org/TR/xhtml1/DTD/xhtml1-strict.dtd">
41 info retry <html>
41 info retry   <head>
41 info retry     <title>503 first byte timeout</title>
41 info retry   </head>
41 info retry   <body>
41 info retry     <h1>Error 503 first byte timeout</h1>
41 info retry     <p>first byte timeout</p>
41 info retry     <h3>Guru Mediation:</h3>
41 info retry     <p>Details: cache-lax8641-LAX 1495259057 565899063</p>
41 info retry     <hr>
41 info retry     <p>Varnish cache server</p>
41 info retry   </body>
41 info retry </html>
42 info attempt registry request try #2 at 10:44:26 PM
43 verbose request using bearer token for auth
44 http request DELETE https://registry.npmjs.org/docker-task-discover/-rev/1-153fb6917c3ff1a70a21b5d8b654cac4
45 http 403 https://registry.npmjs.org/docker-task-discover/-rev/1-153fb6917c3ff1a70a21b5d8b654cac4
46 verbose headers { 'content-type': 'application/json',
46 verbose headers   'cache-control': 'max-age=300',
46 verbose headers   'content-length': '114',
46 verbose headers   'accept-ranges': 'bytes',
46 verbose headers   date: 'Sat, 20 May 2017 05:44:27 GMT',
46 verbose headers   via: '1.1 varnish',
46 verbose headers   connection: 'keep-alive',
46 verbose headers   'x-served-by': 'cache-lax8646-LAX',
46 verbose headers   'x-cache': 'MISS',
46 verbose headers   'x-cache-hits': '0',
46 verbose headers   'x-timer': 'S1495259067.812444,VS0,VE195',
46 verbose headers   vary: 'Accept-Encoding' }
47 verbose request invalidating /Users/geoffreycox/.npm/registry.npmjs.org/docker-task-discover on DELETE
48 verbose stack Error: you do not have permission to publish "docker-task-discover". Are you logged in as the correct user? : docker-task-discover
48 verbose stack     at makeError (/usr/local/lib/node_modules/npm/node_modules/npm-registry-client/lib/request.js:264:12)
48 verbose stack     at CachingRegistryClient.<anonymous> (/usr/local/lib/node_modules/npm/node_modules/npm-registry-client/lib/request.js:252:14)
48 verbose stack     at Request._callback (/usr/local/lib/node_modules/npm/node_modules/npm-registry-client/lib/request.js:172:14)
48 verbose stack     at Request.self.callback (/usr/local/lib/node_modules/npm/node_modules/request/request.js:198:22)
48 verbose stack     at emitTwo (events.js:87:13)
48 verbose stack     at Request.emit (events.js:172:7)
48 verbose stack     at Request.<anonymous> (/usr/local/lib/node_modules/npm/node_modules/request/request.js:1063:14)
48 verbose stack     at emitOne (events.js:82:20)
48 verbose stack     at Request.emit (events.js:169:7)
48 verbose stack     at IncomingMessage.<anonymous> (/usr/local/lib/node_modules/npm/node_modules/request/request.js:1009:12)
49 verbose statusCode 403
50 verbose pkgid docker-task-discover
51 verbose cwd /Users/geoffreycox/Documents/nobackup/node-vagrant/app/docker-discover-tasks
52 error Darwin 16.5.0
53 error argv "/usr/local/Cellar/node/4.2.1/bin/node" "/usr/local/bin/npm" "unpublish" "--force"
54 error node v4.2.1
55 error npm  v2.14.7
56 error code E403
57 error you do not have permission to publish "docker-task-discover". Are you logged in as the correct user? : docker-task-discover
58 error If you need help, you may report this error at:
58 error     <https://github.com/npm/npm/issues>
59 verbose exit [ 1, true ]
